/*C42*/SET SCHEMA PUBLIC
INSERT INTO NOTICIA VALUES(3,'1234','abcd')
COMMIT
/*C45*/SET SCHEMA PUBLIC
DISCONNECT
/*C42*/DISCONNECT
/*C44*/SET SCHEMA PUBLIC
DISCONNECT
/*C50*/SET SCHEMA PUBLIC
DISCONNECT
/*C48*/SET SCHEMA PUBLIC
DISCONNECT
/*C43*/SET SCHEMA PUBLIC
DISCONNECT
/*C47*/SET SCHEMA PUBLIC
DISCONNECT
/*C51*/SET SCHEMA PUBLIC
DISCONNECT
/*C49*/SET SCHEMA PUBLIC
DISCONNECT
/*C46*/SET SCHEMA PUBLIC
DISCONNECT
/*C52*/SET SCHEMA PUBLIC
INSERT INTO NOTICIA VALUES(4,'one in','tested 1')
COMMIT
DELETE FROM NOTICIA WHERE ID=4
INSERT INTO NOTICIA VALUES(4,'two in','tested 1')
COMMIT
/*C57*/SET SCHEMA PUBLIC
DISCONNECT
/*C52*/DISCONNECT
/*C54*/SET SCHEMA PUBLIC
DISCONNECT
/*C59*/SET SCHEMA PUBLIC
DISCONNECT
/*C56*/SET SCHEMA PUBLIC
DISCONNECT
/*C58*/SET SCHEMA PUBLIC
DISCONNECT
/*C53*/SET SCHEMA PUBLIC
DISCONNECT
/*C55*/SET SCHEMA PUBLIC
DISCONNECT
/*C60*/SET SCHEMA PUBLIC
DISCONNECT
/*C61*/SET SCHEMA PUBLIC
DISCONNECT
/*C62*/SET SCHEMA PUBLIC
INSERT INTO NOTICIA VALUES(5,'corpo','olho')
COMMIT
DELETE FROM NOTICIA WHERE ID=5
COMMIT
DELETE FROM NOTICIA WHERE ID=4
INSERT INTO NOTICIA VALUES(4,'two in','tested 3')
COMMIT
